<?xml version="1.0" encoding="UTF-8"?>
<TestRun id="4500f472-bc0d-42c4-979b-9fa12dd3a8ce" name="tommy.kelly@TOMMY-KELLY 2009-06-18 11:44:46" runUser="US\tommy.kelly" xmlns="http://microsoft.com/schemas/VisualStudio/TeamTest/2006">
  <TestRunConfiguration name="Default Run Configuration" id="07df2350-3f19-40e6-8774-1958ba9af158">
    <Deployment runDeploymentRoot="C:\code\SqlMigration\TestResults\tommy.kelly_TOMMY-KELLY 2009-06-18 11_44_46">
      <DeploymentItem filename="C:\code\SqlMigration\lib\RhinoMocks\Rhino.Mocks.dll" />
      <DeploymentItem filename="C:\code\SqlMigration\lib\nunit\nunit.framework.dll" />
      <DeploymentItem filename="C:\code\SqlMigration\SqlMigration\bin\Debug\SqlMigration.exe" />
    </Deployment>
    <Hosts skipUnhostableTests="false" />
    <TestTypeSpecific />
  </TestRunConfiguration>
  <ResultSummary outcome="Error">
    <Counters total="12" executed="12" error="12" failed="0" timeout="0" aborted="0" inconclusive="0" passedButRunAborted="0" notRunnable="0" notExecuted="0" disconnected="0" warning="0" passed="0" completed="0" inProgress="0" pending="0" />
  </ResultSummary>
  <Times creation="2009-06-18T11:44:46.2535565-04:00" queuing="2009-06-18T11:44:46.6755044-04:00" start="2009-06-18T11:44:46.7223875-04:00" finish="2009-06-18T11:44:47.2068462-04:00" />
  <TestDefinitions>
    <UnitTest name="run_task_wihtout_running_inside_transaction" storage="c:\code\sqlmigration\tests\bin\debug\sqlmigration.tests.dll" id="14b0868e-2756-9eae-12e4-997a60f827b4">
      <Css projectStructure="" iteration="" />
      <Owners>
        <Owner name="" />
      </Owners>
      <Execution id="d57ccd2d-b6b0-4996-a3b0-9e105b52b765" />
      <TestMethod codeBase="C:\code\SqlMigration\Tests\bin\Debug\SqlMigration.Tests.dll" adapterTypeName="Microsoft.VisualStudio.TestTools.TestTypes.Unit.UnitTestAdapter, Microsoft.VisualStudio.QualityTools.Tips.UnitTest.Adapter, Version=9.0.0.0, Culture=neutral, PublicKeyToken=b03f5f7f11d50a3a" className="URQuest.Tools.DBMigrator.Test.RunSQLTaskTest, SqlMigration.Tests" name="run_task_wihtout_running_inside_transaction" />
    </UnitTest>
    <UnitTest name="ToStringTest" storage="c:\code\sqlmigration\tests\bin\debug\sqlmigration.tests.dll" id="3229206f-4699-3a03-206c-bec075f5d049">
      <Css projectStructure="" iteration="" />
      <Owners>
        <Owner name="" />
      </Owners>
      <Execution id="3eb54313-4540-4679-8bea-84eca1563e72" />
      <TestMethod codeBase="C:\code\SqlMigration\Tests\bin\Debug\SqlMigration.Tests.dll" adapterTypeName="Microsoft.VisualStudio.TestTools.TestTypes.Unit.UnitTestAdapter, Microsoft.VisualStudio.QualityTools.Tips.UnitTest.Adapter, Version=9.0.0.0, Culture=neutral, PublicKeyToken=b03f5f7f11d50a3a" className="URQuest.Tools.DBMigrator.Test.MigrationTest, SqlMigration.Tests" name="ToStringTest" />
    </UnitTest>
    <UnitTest name="mock_running_two_fake_sql_file_with_no_errors" storage="c:\code\sqlmigration\tests\bin\debug\sqlmigration.tests.dll" id="e16d719e-ad90-ed7c-ae95-6986f2666006">
      <Css projectStructure="" iteration="" />
      <Owners>
        <Owner name="" />
      </Owners>
      <Execution id="28edc0d7-1b08-4ea3-ac8b-52fba8f3556f" />
      <TestMethod codeBase="C:\code\SqlMigration\Tests\bin\Debug\SqlMigration.Tests.dll" adapterTypeName="Microsoft.VisualStudio.TestTools.TestTypes.Unit.UnitTestAdapter, Microsoft.VisualStudio.QualityTools.Tips.UnitTest.Adapter, Version=9.0.0.0, Culture=neutral, PublicKeyToken=b03f5f7f11d50a3a" className="URQuest.Tools.DBMigrator.Test.SqlRunnerTest, SqlMigration.Tests" name="mock_running_two_fake_sql_file_with_no_errors" />
    </UnitTest>
    <UnitTest name="make_sure_we_attempt_to_read_the_contents_of_the_sql_file" storage="c:\code\sqlmigration\tests\bin\debug\sqlmigration.tests.dll" id="974eae45-8fb0-d893-ae4a-828658a21fd1">
      <Css projectStructure="" iteration="" />
      <Owners>
        <Owner name="" />
      </Owners>
      <Execution id="1352c2ef-916a-43d7-8d72-177dc49b58f0" />
      <TestMethod codeBase="C:\code\SqlMigration\Tests\bin\Debug\SqlMigration.Tests.dll" adapterTypeName="Microsoft.VisualStudio.TestTools.TestTypes.Unit.UnitTestAdapter, Microsoft.VisualStudio.QualityTools.Tips.UnitTest.Adapter, Version=9.0.0.0, Culture=neutral, PublicKeyToken=b03f5f7f11d50a3a" className="URQuest.Tools.DBMigrator.Test.SqlMigrationTest, SqlMigration.Tests" name="make_sure_we_attempt_to_read_the_contents_of_the_sql_file" />
    </UnitTest>
    <UnitTest name="failing_transaction_that_should_leave_NO_rows_in_the_names_table" storage="c:\code\sqlmigration\tests\bin\debug\sqlmigration.tests.dll" id="1fbaca38-5819-92d4-8aeb-bace10c8d2d7">
      <Css projectStructure="" iteration="" />
      <Owners>
        <Owner name="" />
      </Owners>
      <Execution id="1e4c32eb-0b8c-46e0-b66a-453c948c7cf5" />
      <TestMethod codeBase="C:\code\SqlMigration\Tests\bin\Debug\SqlMigration.Tests.dll" adapterTypeName="Microsoft.VisualStudio.TestTools.TestTypes.Unit.UnitTestAdapter, Microsoft.VisualStudio.QualityTools.Tips.UnitTest.Adapter, Version=9.0.0.0, Culture=neutral, PublicKeyToken=b03f5f7f11d50a3a" className="URQuest.Tools.DBMigrator.Test.integration_test.RunRealMigrationsTest, SqlMigration.Tests" name="failing_transaction_that_should_leave_NO_rows_in_the_names_table" />
    </UnitTest>
    <UnitTest name="mock_two_migrations_NOT_running_under_a_transaction" storage="c:\code\sqlmigration\tests\bin\debug\sqlmigration.tests.dll" id="99653419-466f-f3e6-a613-55dde86d0477">
      <Css projectStructure="" iteration="" />
      <Owners>
        <Owner name="" />
      </Owners>
      <Execution id="6188db2b-90f6-4ab7-9a15-efed4f63c3ad" />
      <TestMethod codeBase="C:\code\SqlMigration\Tests\bin\Debug\SqlMigration.Tests.dll" adapterTypeName="Microsoft.VisualStudio.TestTools.TestTypes.Unit.UnitTestAdapter, Microsoft.VisualStudio.QualityTools.Tips.UnitTest.Adapter, Version=9.0.0.0, Culture=neutral, PublicKeyToken=b03f5f7f11d50a3a" className="URQuest.Tools.DBMigrator.Test.SqlRunnerTest, SqlMigration.Tests" name="mock_two_migrations_NOT_running_under_a_transaction" />
    </UnitTest>
    <UnitTest name="GetMigrationsInOrderTest" storage="c:\code\sqlmigration\tests\bin\debug\sqlmigration.tests.dll" id="54e38d64-227f-9abb-7f5a-4e38940866d0">
      <Css projectStructure="" iteration="" />
      <Owners>
        <Owner name="" />
      </Owners>
      <Execution id="7b5fac57-892b-427d-a2a4-b22a731faa07" />
      <TestMethod codeBase="C:\code\SqlMigration\Tests\bin\Debug\SqlMigration.Tests.dll" adapterTypeName="Microsoft.VisualStudio.TestTools.TestTypes.Unit.UnitTestAdapter, Microsoft.VisualStudio.QualityTools.Tips.UnitTest.Adapter, Version=9.0.0.0, Culture=neutral, PublicKeyToken=b03f5f7f11d50a3a" className="URQuest.Tools.DBMigrator.Test.FileIOTest, SqlMigration.Tests" name="GetMigrationsInOrderTest" />
    </UnitTest>
    <UnitTest name="parse_only_go_statements_not_any_word_containing_go" storage="c:\code\sqlmigration\tests\bin\debug\sqlmigration.tests.dll" id="13ddc97a-7773-961c-dc7d-d1acaad40ffc">
      <Css projectStructure="" iteration="" />
      <Owners>
        <Owner name="" />
      </Owners>
      <Execution id="aaab49a5-f86e-4479-b474-395c1a85e2f2" />
      <TestMethod codeBase="C:\code\SqlMigration\Tests\bin\Debug\SqlMigration.Tests.dll" adapterTypeName="Microsoft.VisualStudio.TestTools.TestTypes.Unit.UnitTestAdapter, Microsoft.VisualStudio.QualityTools.Tips.UnitTest.Adapter, Version=9.0.0.0, Culture=neutral, PublicKeyToken=b03f5f7f11d50a3a" className="URQuest.Tools.DBMigrator.Test.SqlMigrationTest, SqlMigration.Tests" name="parse_only_go_statements_not_any_word_containing_go" />
    </UnitTest>
    <UnitTest name="test_date_parser_with_working_date" storage="c:\code\sqlmigration\tests\bin\debug\sqlmigration.tests.dll" id="5c29ac2a-be0d-7356-b72b-a9d16a3cd84d">
      <Css projectStructure="" iteration="" />
      <Owners>
        <Owner name="" />
      </Owners>
      <Execution id="1254ec23-523e-44f5-afa2-7f3818c27263" />
      <TestMethod codeBase="C:\code\SqlMigration\Tests\bin\Debug\SqlMigration.Tests.dll" adapterTypeName="Microsoft.VisualStudio.TestTools.TestTypes.Unit.UnitTestAdapter, Microsoft.VisualStudio.QualityTools.Tips.UnitTest.Adapter, Version=9.0.0.0, Culture=neutral, PublicKeyToken=b03f5f7f11d50a3a" className="URQuest.Tools.DBMigrator.Test.MigrationTest, SqlMigration.Tests" name="test_date_parser_with_working_date" />
    </UnitTest>
    <UnitTest name="run_real_migrations_that_pass_and_create_a_database_and_one_table_named_names" storage="c:\code\sqlmigration\tests\bin\debug\sqlmigration.tests.dll" id="dbb4bc71-908a-7730-dabe-34a8d2910d27">
      <Css projectStructure="" iteration="" />
      <Owners>
        <Owner name="" />
      </Owners>
      <Execution id="4bb479d4-544f-43bc-8b73-b50182c827c5" />
      <TestMethod codeBase="C:\code\SqlMigration\Tests\bin\Debug\SqlMigration.Tests.dll" adapterTypeName="Microsoft.VisualStudio.TestTools.TestTypes.Unit.UnitTestAdapter, Microsoft.VisualStudio.QualityTools.Tips.UnitTest.Adapter, Version=9.0.0.0, Culture=neutral, PublicKeyToken=b03f5f7f11d50a3a" className="URQuest.Tools.DBMigrator.Test.integration_test.RunRealMigrationsTest, SqlMigration.Tests" name="run_real_migrations_that_pass_and_create_a_database_and_one_table_named_names" />
    </UnitTest>
    <UnitTest name="mock_files_and_make_sure_they_come_back_in_order" storage="c:\code\sqlmigration\tests\bin\debug\sqlmigration.tests.dll" id="af288f3c-cd6d-7e31-7eda-824061c48951">
      <Css projectStructure="" iteration="" />
      <Owners>
        <Owner name="" />
      </Owners>
      <Execution id="5d4bc361-bc49-4e11-bec4-1000d5beec3f" />
      <TestMethod codeBase="C:\code\SqlMigration\Tests\bin\Debug\SqlMigration.Tests.dll" adapterTypeName="Microsoft.VisualStudio.TestTools.TestTypes.Unit.UnitTestAdapter, Microsoft.VisualStudio.QualityTools.Tips.UnitTest.Adapter, Version=9.0.0.0, Culture=neutral, PublicKeyToken=b03f5f7f11d50a3a" className="URQuest.Tools.DBMigrator.Test.FileIOTest, SqlMigration.Tests" name="mock_files_and_make_sure_they_come_back_in_order" />
    </UnitTest>
    <UnitTest name="passing_transaction_that_should_leave_3_rows_in_the_names_table" storage="c:\code\sqlmigration\tests\bin\debug\sqlmigration.tests.dll" id="deedf85d-09cd-a826-1e80-e57d27dac4e3">
      <Css projectStructure="" iteration="" />
      <Owners>
        <Owner name="" />
      </Owners>
      <Execution id="bfb8e57d-f1e8-4502-9b90-51cb788f2939" />
      <TestMethod codeBase="C:\code\SqlMigration\Tests\bin\Debug\SqlMigration.Tests.dll" adapterTypeName="Microsoft.VisualStudio.TestTools.TestTypes.Unit.UnitTestAdapter, Microsoft.VisualStudio.QualityTools.Tips.UnitTest.Adapter, Version=9.0.0.0, Culture=neutral, PublicKeyToken=b03f5f7f11d50a3a" className="URQuest.Tools.DBMigrator.Test.integration_test.RunRealMigrationsTest, SqlMigration.Tests" name="passing_transaction_that_should_leave_3_rows_in_the_names_table" />
    </UnitTest>
  </TestDefinitions>
  <TestLists>
    <TestList name="Results Not in a List" id="8c84fa94-04c1-424b-9868-57a2d4851a1d" />
    <TestList name="All Loaded Results" id="19431567-8539-422a-85d7-44ee4e166bda" />
  </TestLists>
  <TestEntries>
    <TestEntry testId="13ddc97a-7773-961c-dc7d-d1acaad40ffc" executionId="aaab49a5-f86e-4479-b474-395c1a85e2f2" testListId="8c84fa94-04c1-424b-9868-57a2d4851a1d" />
    <TestEntry testId="14b0868e-2756-9eae-12e4-997a60f827b4" executionId="d57ccd2d-b6b0-4996-a3b0-9e105b52b765" testListId="8c84fa94-04c1-424b-9868-57a2d4851a1d" />
    <TestEntry testId="1fbaca38-5819-92d4-8aeb-bace10c8d2d7" executionId="1e4c32eb-0b8c-46e0-b66a-453c948c7cf5" testListId="8c84fa94-04c1-424b-9868-57a2d4851a1d" />
    <TestEntry testId="3229206f-4699-3a03-206c-bec075f5d049" executionId="3eb54313-4540-4679-8bea-84eca1563e72" testListId="8c84fa94-04c1-424b-9868-57a2d4851a1d" />
    <TestEntry testId="54e38d64-227f-9abb-7f5a-4e38940866d0" executionId="7b5fac57-892b-427d-a2a4-b22a731faa07" testListId="8c84fa94-04c1-424b-9868-57a2d4851a1d" />
    <TestEntry testId="5c29ac2a-be0d-7356-b72b-a9d16a3cd84d" executionId="1254ec23-523e-44f5-afa2-7f3818c27263" testListId="8c84fa94-04c1-424b-9868-57a2d4851a1d" />
    <TestEntry testId="974eae45-8fb0-d893-ae4a-828658a21fd1" executionId="1352c2ef-916a-43d7-8d72-177dc49b58f0" testListId="8c84fa94-04c1-424b-9868-57a2d4851a1d" />
    <TestEntry testId="99653419-466f-f3e6-a613-55dde86d0477" executionId="6188db2b-90f6-4ab7-9a15-efed4f63c3ad" testListId="8c84fa94-04c1-424b-9868-57a2d4851a1d" />
    <TestEntry testId="af288f3c-cd6d-7e31-7eda-824061c48951" executionId="5d4bc361-bc49-4e11-bec4-1000d5beec3f" testListId="8c84fa94-04c1-424b-9868-57a2d4851a1d" />
    <TestEntry testId="dbb4bc71-908a-7730-dabe-34a8d2910d27" executionId="4bb479d4-544f-43bc-8b73-b50182c827c5" testListId="8c84fa94-04c1-424b-9868-57a2d4851a1d" />
    <TestEntry testId="deedf85d-09cd-a826-1e80-e57d27dac4e3" executionId="bfb8e57d-f1e8-4502-9b90-51cb788f2939" testListId="8c84fa94-04c1-424b-9868-57a2d4851a1d" />
    <TestEntry testId="e16d719e-ad90-ed7c-ae95-6986f2666006" executionId="28edc0d7-1b08-4ea3-ac8b-52fba8f3556f" testListId="8c84fa94-04c1-424b-9868-57a2d4851a1d" />
  </TestEntries>
  <Results>
    <UnitTestResult executionId="aaab49a5-f86e-4479-b474-395c1a85e2f2" testId="13ddc97a-7773-961c-dc7d-d1acaad40ffc" testName="parse_only_go_statements_not_any_word_containing_go" computerName="TOMMY-KELLY" duration="00:00:00" startTime="2009-06-18T11:44:46.7223875-04:00" endTime="2009-06-18T11:44:47.1287077-04:00" testType="13cdc9d9-ddb5-4fa4-a97d-d965ccfc6d4b" outcome="Error" testListId="8c84fa94-04c1-424b-9868-57a2d4851a1d">
      <Output>
        <ErrorInfo>
          <Message>Unable to get type URQuest.Tools.DBMigrator.Test.SqlMigrationTest, SqlMigration.Tests. Error: System.TypeLoadException: Could not load type 'URQuest.Tools.DBMigrator.Test.SqlMigrationTest' from assembly 'SqlMigration.Tests, Version=1.0.0.0, Culture=neutral, PublicKeyToken=null'.
   at System.Reflection.Assembly._GetType(String name, Boolean throwOnError, Boolean ignoreCase)
   at System.Reflection.Assembly.GetType(String name, Boolean throwOnError)
   at Microsoft.VisualStudio.TestTools.TestTypes.Unit.UnitTestExecuter.GetType(UnitTestElement unitTest, String type)
   at Microsoft.VisualStudio.TestTools.TestTypes.Unit.UnitTestExecuter.ResolveMethods().</Message>
        </ErrorInfo>
      </Output>
    </UnitTestResult>
    <UnitTestResult executionId="d57ccd2d-b6b0-4996-a3b0-9e105b52b765" testId="14b0868e-2756-9eae-12e4-997a60f827b4" testName="run_task_wihtout_running_inside_transaction" computerName="TOMMY-KELLY" duration="00:00:00" startTime="2009-06-18T11:44:47.1287077-04:00" endTime="2009-06-18T11:44:47.1287077-04:00" testType="13cdc9d9-ddb5-4fa4-a97d-d965ccfc6d4b" outcome="Error" testListId="8c84fa94-04c1-424b-9868-57a2d4851a1d">
      <Output>
        <ErrorInfo>
          <Message>Unable to get type URQuest.Tools.DBMigrator.Test.RunSQLTaskTest, SqlMigration.Tests. Error: System.TypeLoadException: Could not load type 'URQuest.Tools.DBMigrator.Test.RunSQLTaskTest' from assembly 'SqlMigration.Tests, Version=1.0.0.0, Culture=neutral, PublicKeyToken=null'.
   at System.Reflection.Assembly._GetType(String name, Boolean throwOnError, Boolean ignoreCase)
   at System.Reflection.Assembly.GetType(String name, Boolean throwOnError)
   at Microsoft.VisualStudio.TestTools.TestTypes.Unit.UnitTestExecuter.GetType(UnitTestElement unitTest, String type)
   at Microsoft.VisualStudio.TestTools.TestTypes.Unit.UnitTestExecuter.ResolveMethods().</Message>
        </ErrorInfo>
      </Output>
    </UnitTestResult>
    <UnitTestResult executionId="1e4c32eb-0b8c-46e0-b66a-453c948c7cf5" testId="1fbaca38-5819-92d4-8aeb-bace10c8d2d7" testName="failing_transaction_that_should_leave_NO_rows_in_the_names_table" computerName="TOMMY-KELLY" duration="00:00:00" startTime="2009-06-18T11:44:47.1287077-04:00" endTime="2009-06-18T11:44:47.1287077-04:00" testType="13cdc9d9-ddb5-4fa4-a97d-d965ccfc6d4b" outcome="Error" testListId="8c84fa94-04c1-424b-9868-57a2d4851a1d">
      <Output>
        <ErrorInfo>
          <Message>Unable to get type URQuest.Tools.DBMigrator.Test.integration_test.RunRealMigrationsTest, SqlMigration.Tests. Error: System.TypeLoadException: Could not load type 'URQuest.Tools.DBMigrator.Test.integration_test.RunRealMigrationsTest' from assembly 'SqlMigration.Tests, Version=1.0.0.0, Culture=neutral, PublicKeyToken=null'.
   at System.Reflection.Assembly._GetType(String name, Boolean throwOnError, Boolean ignoreCase)
   at System.Reflection.Assembly.GetType(String name, Boolean throwOnError)
   at Microsoft.VisualStudio.TestTools.TestTypes.Unit.UnitTestExecuter.GetType(UnitTestElement unitTest, String type)
   at Microsoft.VisualStudio.TestTools.TestTypes.Unit.UnitTestExecuter.ResolveMethods().</Message>
        </ErrorInfo>
      </Output>
    </UnitTestResult>
    <UnitTestResult executionId="3eb54313-4540-4679-8bea-84eca1563e72" testId="3229206f-4699-3a03-206c-bec075f5d049" testName="ToStringTest" computerName="TOMMY-KELLY" duration="00:00:00" startTime="2009-06-18T11:44:47.1287077-04:00" endTime="2009-06-18T11:44:47.1287077-04:00" testType="13cdc9d9-ddb5-4fa4-a97d-d965ccfc6d4b" outcome="Error" testListId="8c84fa94-04c1-424b-9868-57a2d4851a1d">
      <Output>
        <ErrorInfo>
          <Message>Unable to get type URQuest.Tools.DBMigrator.Test.MigrationTest, SqlMigration.Tests. Error: System.TypeLoadException: Could not load type 'URQuest.Tools.DBMigrator.Test.MigrationTest' from assembly 'SqlMigration.Tests, Version=1.0.0.0, Culture=neutral, PublicKeyToken=null'.
   at System.Reflection.Assembly._GetType(String name, Boolean throwOnError, Boolean ignoreCase)
   at System.Reflection.Assembly.GetType(String name, Boolean throwOnError)
   at Microsoft.VisualStudio.TestTools.TestTypes.Unit.UnitTestExecuter.GetType(UnitTestElement unitTest, String type)
   at Microsoft.VisualStudio.TestTools.TestTypes.Unit.UnitTestExecuter.ResolveMethods().</Message>
        </ErrorInfo>
      </Output>
    </UnitTestResult>
    <UnitTestResult executionId="7b5fac57-892b-427d-a2a4-b22a731faa07" testId="54e38d64-227f-9abb-7f5a-4e38940866d0" testName="GetMigrationsInOrderTest" computerName="TOMMY-KELLY" duration="00:00:00" startTime="2009-06-18T11:44:47.1287077-04:00" endTime="2009-06-18T11:44:47.1443354-04:00" testType="13cdc9d9-ddb5-4fa4-a97d-d965ccfc6d4b" outcome="Error" testListId="8c84fa94-04c1-424b-9868-57a2d4851a1d">
      <Output>
        <ErrorInfo>
          <Message>Unable to get type URQuest.Tools.DBMigrator.Test.FileIOTest, SqlMigration.Tests. Error: System.TypeLoadException: Could not load type 'URQuest.Tools.DBMigrator.Test.FileIOTest' from assembly 'SqlMigration.Tests, Version=1.0.0.0, Culture=neutral, PublicKeyToken=null'.
   at System.Reflection.Assembly._GetType(String name, Boolean throwOnError, Boolean ignoreCase)
   at System.Reflection.Assembly.GetType(String name, Boolean throwOnError)
   at Microsoft.VisualStudio.TestTools.TestTypes.Unit.UnitTestExecuter.GetType(UnitTestElement unitTest, String type)
   at Microsoft.VisualStudio.TestTools.TestTypes.Unit.UnitTestExecuter.ResolveMethods().</Message>
        </ErrorInfo>
      </Output>
    </UnitTestResult>
    <UnitTestResult executionId="1254ec23-523e-44f5-afa2-7f3818c27263" testId="5c29ac2a-be0d-7356-b72b-a9d16a3cd84d" testName="test_date_parser_with_working_date" computerName="TOMMY-KELLY" duration="00:00:00" startTime="2009-06-18T11:44:47.1443354-04:00" endTime="2009-06-18T11:44:47.1443354-04:00" testType="13cdc9d9-ddb5-4fa4-a97d-d965ccfc6d4b" outcome="Error" testListId="8c84fa94-04c1-424b-9868-57a2d4851a1d">
      <Output>
        <ErrorInfo>
          <Message>Unable to get type URQuest.Tools.DBMigrator.Test.MigrationTest, SqlMigration.Tests. Error: System.TypeLoadException: Could not load type 'URQuest.Tools.DBMigrator.Test.MigrationTest' from assembly 'SqlMigration.Tests, Version=1.0.0.0, Culture=neutral, PublicKeyToken=null'.
   at System.Reflection.Assembly._GetType(String name, Boolean throwOnError, Boolean ignoreCase)
   at System.Reflection.Assembly.GetType(String name, Boolean throwOnError)
   at Microsoft.VisualStudio.TestTools.TestTypes.Unit.UnitTestExecuter.GetType(UnitTestElement unitTest, String type)
   at Microsoft.VisualStudio.TestTools.TestTypes.Unit.UnitTestExecuter.ResolveMethods().</Message>
        </ErrorInfo>
      </Output>
    </UnitTestResult>
    <UnitTestResult executionId="1352c2ef-916a-43d7-8d72-177dc49b58f0" testId="974eae45-8fb0-d893-ae4a-828658a21fd1" testName="make_sure_we_attempt_to_read_the_contents_of_the_sql_file" computerName="TOMMY-KELLY" duration="00:00:00" startTime="2009-06-18T11:44:47.1443354-04:00" endTime="2009-06-18T11:44:47.1443354-04:00" testType="13cdc9d9-ddb5-4fa4-a97d-d965ccfc6d4b" outcome="Error" testListId="8c84fa94-04c1-424b-9868-57a2d4851a1d">
      <Output>
        <ErrorInfo>
          <Message>Unable to get type URQuest.Tools.DBMigrator.Test.SqlMigrationTest, SqlMigration.Tests. Error: System.TypeLoadException: Could not load type 'URQuest.Tools.DBMigrator.Test.SqlMigrationTest' from assembly 'SqlMigration.Tests, Version=1.0.0.0, Culture=neutral, PublicKeyToken=null'.
   at System.Reflection.Assembly._GetType(String name, Boolean throwOnError, Boolean ignoreCase)
   at System.Reflection.Assembly.GetType(String name, Boolean throwOnError)
   at Microsoft.VisualStudio.TestTools.TestTypes.Unit.UnitTestExecuter.GetType(UnitTestElement unitTest, String type)
   at Microsoft.VisualStudio.TestTools.TestTypes.Unit.UnitTestExecuter.ResolveMethods().</Message>
        </ErrorInfo>
      </Output>
    </UnitTestResult>
    <UnitTestResult executionId="6188db2b-90f6-4ab7-9a15-efed4f63c3ad" testId="99653419-466f-f3e6-a613-55dde86d0477" testName="mock_two_migrations_NOT_running_under_a_transaction" computerName="TOMMY-KELLY" duration="00:00:00" startTime="2009-06-18T11:44:47.1599631-04:00" endTime="2009-06-18T11:44:47.1599631-04:00" testType="13cdc9d9-ddb5-4fa4-a97d-d965ccfc6d4b" outcome="Error" testListId="8c84fa94-04c1-424b-9868-57a2d4851a1d">
      <Output>
        <ErrorInfo>
          <Message>Unable to get type URQuest.Tools.DBMigrator.Test.SqlRunnerTest, SqlMigration.Tests. Error: System.TypeLoadException: Could not load type 'URQuest.Tools.DBMigrator.Test.SqlRunnerTest' from assembly 'SqlMigration.Tests, Version=1.0.0.0, Culture=neutral, PublicKeyToken=null'.
   at System.Reflection.Assembly._GetType(String name, Boolean throwOnError, Boolean ignoreCase)
   at System.Reflection.Assembly.GetType(String name, Boolean throwOnError)
   at Microsoft.VisualStudio.TestTools.TestTypes.Unit.UnitTestExecuter.GetType(UnitTestElement unitTest, String type)
   at Microsoft.VisualStudio.TestTools.TestTypes.Unit.UnitTestExecuter.ResolveMethods().</Message>
        </ErrorInfo>
      </Output>
    </UnitTestResult>
    <UnitTestResult executionId="5d4bc361-bc49-4e11-bec4-1000d5beec3f" testId="af288f3c-cd6d-7e31-7eda-824061c48951" testName="mock_files_and_make_sure_they_come_back_in_order" computerName="TOMMY-KELLY" duration="00:00:00" startTime="2009-06-18T11:44:47.1599631-04:00" endTime="2009-06-18T11:44:47.1599631-04:00" testType="13cdc9d9-ddb5-4fa4-a97d-d965ccfc6d4b" outcome="Error" testListId="8c84fa94-04c1-424b-9868-57a2d4851a1d">
      <Output>
        <ErrorInfo>
          <Message>Unable to get type URQuest.Tools.DBMigrator.Test.FileIOTest, SqlMigration.Tests. Error: System.TypeLoadException: Could not load type 'URQuest.Tools.DBMigrator.Test.FileIOTest' from assembly 'SqlMigration.Tests, Version=1.0.0.0, Culture=neutral, PublicKeyToken=null'.
   at System.Reflection.Assembly._GetType(String name, Boolean throwOnError, Boolean ignoreCase)
   at System.Reflection.Assembly.GetType(String name, Boolean throwOnError)
   at Microsoft.VisualStudio.TestTools.TestTypes.Unit.UnitTestExecuter.GetType(UnitTestElement unitTest, String type)
   at Microsoft.VisualStudio.TestTools.TestTypes.Unit.UnitTestExecuter.ResolveMethods().</Message>
        </ErrorInfo>
      </Output>
    </UnitTestResult>
    <UnitTestResult executionId="4bb479d4-544f-43bc-8b73-b50182c827c5" testId="dbb4bc71-908a-7730-dabe-34a8d2910d27" testName="run_real_migrations_that_pass_and_create_a_database_and_one_table_named_names" computerName="TOMMY-KELLY" duration="00:00:00" startTime="2009-06-18T11:44:47.1599631-04:00" endTime="2009-06-18T11:44:47.1599631-04:00" testType="13cdc9d9-ddb5-4fa4-a97d-d965ccfc6d4b" outcome="Error" testListId="8c84fa94-04c1-424b-9868-57a2d4851a1d">
      <Output>
        <ErrorInfo>
          <Message>Unable to get type URQuest.Tools.DBMigrator.Test.integration_test.RunRealMigrationsTest, SqlMigration.Tests. Error: System.TypeLoadException: Could not load type 'URQuest.Tools.DBMigrator.Test.integration_test.RunRealMigrationsTest' from assembly 'SqlMigration.Tests, Version=1.0.0.0, Culture=neutral, PublicKeyToken=null'.
   at System.Reflection.Assembly._GetType(String name, Boolean throwOnError, Boolean ignoreCase)
   at System.Reflection.Assembly.GetType(String name, Boolean throwOnError)
   at Microsoft.VisualStudio.TestTools.TestTypes.Unit.UnitTestExecuter.GetType(UnitTestElement unitTest, String type)
   at Microsoft.VisualStudio.TestTools.TestTypes.Unit.UnitTestExecuter.ResolveMethods().</Message>
        </ErrorInfo>
      </Output>
    </UnitTestResult>
    <UnitTestResult executionId="bfb8e57d-f1e8-4502-9b90-51cb788f2939" testId="deedf85d-09cd-a826-1e80-e57d27dac4e3" testName="passing_transaction_that_should_leave_3_rows_in_the_names_table" computerName="TOMMY-KELLY" duration="00:00:00" startTime="2009-06-18T11:44:47.1755908-04:00" endTime="2009-06-18T11:44:47.1755908-04:00" testType="13cdc9d9-ddb5-4fa4-a97d-d965ccfc6d4b" outcome="Error" testListId="8c84fa94-04c1-424b-9868-57a2d4851a1d">
      <Output>
        <ErrorInfo>
          <Message>Unable to get type URQuest.Tools.DBMigrator.Test.integration_test.RunRealMigrationsTest, SqlMigration.Tests. Error: System.TypeLoadException: Could not load type 'URQuest.Tools.DBMigrator.Test.integration_test.RunRealMigrationsTest' from assembly 'SqlMigration.Tests, Version=1.0.0.0, Culture=neutral, PublicKeyToken=null'.
   at System.Reflection.Assembly._GetType(String name, Boolean throwOnError, Boolean ignoreCase)
   at System.Reflection.Assembly.GetType(String name, Boolean throwOnError)
   at Microsoft.VisualStudio.TestTools.TestTypes.Unit.UnitTestExecuter.GetType(UnitTestElement unitTest, String type)
   at Microsoft.VisualStudio.TestTools.TestTypes.Unit.UnitTestExecuter.ResolveMethods().</Message>
        </ErrorInfo>
      </Output>
    </UnitTestResult>
    <UnitTestResult executionId="28edc0d7-1b08-4ea3-ac8b-52fba8f3556f" testId="e16d719e-ad90-ed7c-ae95-6986f2666006" testName="mock_running_two_fake_sql_file_with_no_errors" computerName="TOMMY-KELLY" duration="00:00:00" startTime="2009-06-18T11:44:47.1755908-04:00" endTime="2009-06-18T11:44:47.1755908-04:00" testType="13cdc9d9-ddb5-4fa4-a97d-d965ccfc6d4b" outcome="Error" testListId="8c84fa94-04c1-424b-9868-57a2d4851a1d">
      <Output>
        <ErrorInfo>
          <Message>Unable to get type URQuest.Tools.DBMigrator.Test.SqlRunnerTest, SqlMigration.Tests. Error: System.TypeLoadException: Could not load type 'URQuest.Tools.DBMigrator.Test.SqlRunnerTest' from assembly 'SqlMigration.Tests, Version=1.0.0.0, Culture=neutral, PublicKeyToken=null'.
   at System.Reflection.Assembly._GetType(String name, Boolean throwOnError, Boolean ignoreCase)
   at System.Reflection.Assembly.GetType(String name, Boolean throwOnError)
   at Microsoft.VisualStudio.TestTools.TestTypes.Unit.UnitTestExecuter.GetType(UnitTestElement unitTest, String type)
   at Microsoft.VisualStudio.TestTools.TestTypes.Unit.UnitTestExecuter.ResolveMethods().</Message>
        </ErrorInfo>
      </Output>
    </UnitTestResult>
  </Results>
</TestRun>