<?xml version="1.0" encoding="UTF-8"?>
<TestRun id="d0638c31-03da-46fb-bb24-41dafc25dd30" name="tommy.kelly@TOMMY-KELLY 2009-06-18 11:44:23" runUser="US\tommy.kelly" xmlns="http://microsoft.com/schemas/VisualStudio/TeamTest/2006">
  <TestRunConfiguration name="Default Run Configuration" id="c6f22262-6adb-47f2-826a-25a241ad8044">
    <Deployment runDeploymentRoot="C:\code\SqlMigration\TestResults\tommy.kelly_TOMMY-KELLY 2009-06-18 11_44_23">
      <DeploymentItem filename="C:\code\SqlMigration\lib\RhinoMocks\Rhino.Mocks.dll" />
      <DeploymentItem filename="C:\code\SqlMigration\lib\nunit\nunit.framework.dll" />
      <DeploymentItem filename="C:\code\SqlMigration\SqlMigration\bin\Debug\SqlMigration.exe" />
    </Deployment>
    <Hosts skipUnhostableTests="false" />
    <TestTypeSpecific />
  </TestRunConfiguration>
  <ResultSummary outcome="Error">
    <Counters total="12" executed="12" error="12" failed="0" timeout="0" aborted="0" inconclusive="0" passedButRunAborted="0" notRunnable="0" notExecuted="0" disconnected="0" warning="0" passed="0" completed="0" inProgress="0" pending="0" />
  </ResultSummary>
  <Times creation="2009-06-18T11:44:23.3902314-04:00" queuing="2009-06-18T11:44:25.0155122-04:00" start="2009-06-18T11:44:25.2499277-04:00" finish="2009-06-18T11:44:26.3438667-04:00" />
  <TestDefinitions>
    <UnitTest name="run_task_wihtout_running_inside_transaction" storage="c:\code\sqlmigration\tests\bin\debug\sqlmigration.tests.dll" id="14b0868e-2756-9eae-12e4-997a60f827b4">
      <Css projectStructure="" iteration="" />
      <Owners>
        <Owner name="" />
      </Owners>
      <Execution id="70374b23-63b3-4de7-a2a3-62ccf22a4da0" />
      <TestMethod codeBase="C:\code\SqlMigration\Tests\bin\Debug\SqlMigration.Tests.dll" adapterTypeName="Microsoft.VisualStudio.TestTools.TestTypes.Unit.UnitTestAdapter, Microsoft.VisualStudio.QualityTools.Tips.UnitTest.Adapter, Version=9.0.0.0, Culture=neutral, PublicKeyToken=b03f5f7f11d50a3a" className="URQuest.Tools.DBMigrator.Test.RunSQLTaskTest, SqlMigration.Tests" name="run_task_wihtout_running_inside_transaction" />
    </UnitTest>
    <UnitTest name="ToStringTest" storage="c:\code\sqlmigration\tests\bin\debug\sqlmigration.tests.dll" id="3229206f-4699-3a03-206c-bec075f5d049">
      <Css projectStructure="" iteration="" />
      <Owners>
        <Owner name="" />
      </Owners>
      <Execution id="a6505025-01fa-4f79-bbfb-9bb7b6752065" />
      <TestMethod codeBase="C:\code\SqlMigration\Tests\bin\Debug\SqlMigration.Tests.dll" adapterTypeName="Microsoft.VisualStudio.TestTools.TestTypes.Unit.UnitTestAdapter, Microsoft.VisualStudio.QualityTools.Tips.UnitTest.Adapter, Version=9.0.0.0, Culture=neutral, PublicKeyToken=b03f5f7f11d50a3a" className="URQuest.Tools.DBMigrator.Test.MigrationTest, SqlMigration.Tests" name="ToStringTest" />
    </UnitTest>
    <UnitTest name="mock_running_two_fake_sql_file_with_no_errors" storage="c:\code\sqlmigration\tests\bin\debug\sqlmigration.tests.dll" id="e16d719e-ad90-ed7c-ae95-6986f2666006">
      <Css projectStructure="" iteration="" />
      <Owners>
        <Owner name="" />
      </Owners>
      <Execution id="10d3c237-35dd-4552-a5af-1a69f3876d7d" />
      <TestMethod codeBase="C:\code\SqlMigration\Tests\bin\Debug\SqlMigration.Tests.dll" adapterTypeName="Microsoft.VisualStudio.TestTools.TestTypes.Unit.UnitTestAdapter, Microsoft.VisualStudio.QualityTools.Tips.UnitTest.Adapter, Version=9.0.0.0, Culture=neutral, PublicKeyToken=b03f5f7f11d50a3a" className="URQuest.Tools.DBMigrator.Test.SqlRunnerTest, SqlMigration.Tests" name="mock_running_two_fake_sql_file_with_no_errors" />
    </UnitTest>
    <UnitTest name="make_sure_we_attempt_to_read_the_contents_of_the_sql_file" storage="c:\code\sqlmigration\tests\bin\debug\sqlmigration.tests.dll" id="974eae45-8fb0-d893-ae4a-828658a21fd1">
      <Css projectStructure="" iteration="" />
      <Owners>
        <Owner name="" />
      </Owners>
      <Execution id="fa1d3d8c-4a3a-4d8f-b29c-32ec22c58a2a" />
      <TestMethod codeBase="C:\code\SqlMigration\Tests\bin\Debug\SqlMigration.Tests.dll" adapterTypeName="Microsoft.VisualStudio.TestTools.TestTypes.Unit.UnitTestAdapter, Microsoft.VisualStudio.QualityTools.Tips.UnitTest.Adapter, Version=9.0.0.0, Culture=neutral, PublicKeyToken=b03f5f7f11d50a3a" className="URQuest.Tools.DBMigrator.Test.SqlMigrationTest, SqlMigration.Tests" name="make_sure_we_attempt_to_read_the_contents_of_the_sql_file" />
    </UnitTest>
    <UnitTest name="failing_transaction_that_should_leave_NO_rows_in_the_names_table" storage="c:\code\sqlmigration\tests\bin\debug\sqlmigration.tests.dll" id="1fbaca38-5819-92d4-8aeb-bace10c8d2d7">
      <Css projectStructure="" iteration="" />
      <Owners>
        <Owner name="" />
      </Owners>
      <Execution id="68d9ceee-a95d-4074-85d7-c38d3ec45f4e" />
      <TestMethod codeBase="C:\code\SqlMigration\Tests\bin\Debug\SqlMigration.Tests.dll" adapterTypeName="Microsoft.VisualStudio.TestTools.TestTypes.Unit.UnitTestAdapter, Microsoft.VisualStudio.QualityTools.Tips.UnitTest.Adapter, Version=9.0.0.0, Culture=neutral, PublicKeyToken=b03f5f7f11d50a3a" className="URQuest.Tools.DBMigrator.Test.integration_test.RunRealMigrationsTest, SqlMigration.Tests" name="failing_transaction_that_should_leave_NO_rows_in_the_names_table" />
    </UnitTest>
    <UnitTest name="mock_two_migrations_NOT_running_under_a_transaction" storage="c:\code\sqlmigration\tests\bin\debug\sqlmigration.tests.dll" id="99653419-466f-f3e6-a613-55dde86d0477">
      <Css projectStructure="" iteration="" />
      <Owners>
        <Owner name="" />
      </Owners>
      <Execution id="822e81fd-15e3-4264-82df-b5806589a16e" />
      <TestMethod codeBase="C:\code\SqlMigration\Tests\bin\Debug\SqlMigration.Tests.dll" adapterTypeName="Microsoft.VisualStudio.TestTools.TestTypes.Unit.UnitTestAdapter, Microsoft.VisualStudio.QualityTools.Tips.UnitTest.Adapter, Version=9.0.0.0, Culture=neutral, PublicKeyToken=b03f5f7f11d50a3a" className="URQuest.Tools.DBMigrator.Test.SqlRunnerTest, SqlMigration.Tests" name="mock_two_migrations_NOT_running_under_a_transaction" />
    </UnitTest>
    <UnitTest name="GetMigrationsInOrderTest" storage="c:\code\sqlmigration\tests\bin\debug\sqlmigration.tests.dll" id="54e38d64-227f-9abb-7f5a-4e38940866d0">
      <Css projectStructure="" iteration="" />
      <Owners>
        <Owner name="" />
      </Owners>
      <Execution id="5ef78afb-5f7e-4b38-a77c-18afd7759aad" />
      <TestMethod codeBase="C:\code\SqlMigration\Tests\bin\Debug\SqlMigration.Tests.dll" adapterTypeName="Microsoft.VisualStudio.TestTools.TestTypes.Unit.UnitTestAdapter, Microsoft.VisualStudio.QualityTools.Tips.UnitTest.Adapter, Version=9.0.0.0, Culture=neutral, PublicKeyToken=b03f5f7f11d50a3a" className="URQuest.Tools.DBMigrator.Test.FileIOTest, SqlMigration.Tests" name="GetMigrationsInOrderTest" />
    </UnitTest>
    <UnitTest name="parse_only_go_statements_not_any_word_containing_go" storage="c:\code\sqlmigration\tests\bin\debug\sqlmigration.tests.dll" id="13ddc97a-7773-961c-dc7d-d1acaad40ffc">
      <Css projectStructure="" iteration="" />
      <Owners>
        <Owner name="" />
      </Owners>
      <Execution id="f3b9db5f-a2ed-4221-abc9-720d50fe7501" />
      <TestMethod codeBase="C:\code\SqlMigration\Tests\bin\Debug\SqlMigration.Tests.dll" adapterTypeName="Microsoft.VisualStudio.TestTools.TestTypes.Unit.UnitTestAdapter, Microsoft.VisualStudio.QualityTools.Tips.UnitTest.Adapter, Version=9.0.0.0, Culture=neutral, PublicKeyToken=b03f5f7f11d50a3a" className="URQuest.Tools.DBMigrator.Test.SqlMigrationTest, SqlMigration.Tests" name="parse_only_go_statements_not_any_word_containing_go" />
    </UnitTest>
    <UnitTest name="test_date_parser_with_working_date" storage="c:\code\sqlmigration\tests\bin\debug\sqlmigration.tests.dll" id="5c29ac2a-be0d-7356-b72b-a9d16a3cd84d">
      <Css projectStructure="" iteration="" />
      <Owners>
        <Owner name="" />
      </Owners>
      <Execution id="5a6a402b-6d56-408a-b95c-4a79750953f9" />
      <TestMethod codeBase="C:\code\SqlMigration\Tests\bin\Debug\SqlMigration.Tests.dll" adapterTypeName="Microsoft.VisualStudio.TestTools.TestTypes.Unit.UnitTestAdapter, Microsoft.VisualStudio.QualityTools.Tips.UnitTest.Adapter, Version=9.0.0.0, Culture=neutral, PublicKeyToken=b03f5f7f11d50a3a" className="URQuest.Tools.DBMigrator.Test.MigrationTest, SqlMigration.Tests" name="test_date_parser_with_working_date" />
    </UnitTest>
    <UnitTest name="run_real_migrations_that_pass_and_create_a_database_and_one_table_named_names" storage="c:\code\sqlmigration\tests\bin\debug\sqlmigration.tests.dll" id="dbb4bc71-908a-7730-dabe-34a8d2910d27">
      <Css projectStructure="" iteration="" />
      <Owners>
        <Owner name="" />
      </Owners>
      <Execution id="8ccd65ef-3263-4021-b3f9-b1827072182e" />
      <TestMethod codeBase="C:\code\SqlMigration\Tests\bin\Debug\SqlMigration.Tests.dll" adapterTypeName="Microsoft.VisualStudio.TestTools.TestTypes.Unit.UnitTestAdapter, Microsoft.VisualStudio.QualityTools.Tips.UnitTest.Adapter, Version=9.0.0.0, Culture=neutral, PublicKeyToken=b03f5f7f11d50a3a" className="URQuest.Tools.DBMigrator.Test.integration_test.RunRealMigrationsTest, SqlMigration.Tests" name="run_real_migrations_that_pass_and_create_a_database_and_one_table_named_names" />
    </UnitTest>
    <UnitTest name="mock_files_and_make_sure_they_come_back_in_order" storage="c:\code\sqlmigration\tests\bin\debug\sqlmigration.tests.dll" id="af288f3c-cd6d-7e31-7eda-824061c48951">
      <Css projectStructure="" iteration="" />
      <Owners>
        <Owner name="" />
      </Owners>
      <Execution id="b938bd15-c6f0-4c23-bf49-df492a8a3fb5" />
      <TestMethod codeBase="C:\code\SqlMigration\Tests\bin\Debug\SqlMigration.Tests.dll" adapterTypeName="Microsoft.VisualStudio.TestTools.TestTypes.Unit.UnitTestAdapter, Microsoft.VisualStudio.QualityTools.Tips.UnitTest.Adapter, Version=9.0.0.0, Culture=neutral, PublicKeyToken=b03f5f7f11d50a3a" className="URQuest.Tools.DBMigrator.Test.FileIOTest, SqlMigration.Tests" name="mock_files_and_make_sure_they_come_back_in_order" />
    </UnitTest>
    <UnitTest name="passing_transaction_that_should_leave_3_rows_in_the_names_table" storage="c:\code\sqlmigration\tests\bin\debug\sqlmigration.tests.dll" id="deedf85d-09cd-a826-1e80-e57d27dac4e3">
      <Css projectStructure="" iteration="" />
      <Owners>
        <Owner name="" />
      </Owners>
      <Execution id="be7e5bf2-c30b-49b8-8ef9-f5b5f1f2eb8f" />
      <TestMethod codeBase="C:\code\SqlMigration\Tests\bin\Debug\SqlMigration.Tests.dll" adapterTypeName="Microsoft.VisualStudio.TestTools.TestTypes.Unit.UnitTestAdapter, Microsoft.VisualStudio.QualityTools.Tips.UnitTest.Adapter, Version=9.0.0.0, Culture=neutral, PublicKeyToken=b03f5f7f11d50a3a" className="URQuest.Tools.DBMigrator.Test.integration_test.RunRealMigrationsTest, SqlMigration.Tests" name="passing_transaction_that_should_leave_3_rows_in_the_names_table" />
    </UnitTest>
  </TestDefinitions>
  <TestLists>
    <TestList name="Results Not in a List" id="8c84fa94-04c1-424b-9868-57a2d4851a1d" />
    <TestList name="All Loaded Results" id="19431567-8539-422a-85d7-44ee4e166bda" />
  </TestLists>
  <TestEntries>
    <TestEntry testId="13ddc97a-7773-961c-dc7d-d1acaad40ffc" executionId="f3b9db5f-a2ed-4221-abc9-720d50fe7501" testListId="8c84fa94-04c1-424b-9868-57a2d4851a1d" />
    <TestEntry testId="14b0868e-2756-9eae-12e4-997a60f827b4" executionId="70374b23-63b3-4de7-a2a3-62ccf22a4da0" testListId="8c84fa94-04c1-424b-9868-57a2d4851a1d" />
    <TestEntry testId="1fbaca38-5819-92d4-8aeb-bace10c8d2d7" executionId="68d9ceee-a95d-4074-85d7-c38d3ec45f4e" testListId="8c84fa94-04c1-424b-9868-57a2d4851a1d" />
    <TestEntry testId="3229206f-4699-3a03-206c-bec075f5d049" executionId="a6505025-01fa-4f79-bbfb-9bb7b6752065" testListId="8c84fa94-04c1-424b-9868-57a2d4851a1d" />
    <TestEntry testId="54e38d64-227f-9abb-7f5a-4e38940866d0" executionId="5ef78afb-5f7e-4b38-a77c-18afd7759aad" testListId="8c84fa94-04c1-424b-9868-57a2d4851a1d" />
    <TestEntry testId="5c29ac2a-be0d-7356-b72b-a9d16a3cd84d" executionId="5a6a402b-6d56-408a-b95c-4a79750953f9" testListId="8c84fa94-04c1-424b-9868-57a2d4851a1d" />
    <TestEntry testId="974eae45-8fb0-d893-ae4a-828658a21fd1" executionId="fa1d3d8c-4a3a-4d8f-b29c-32ec22c58a2a" testListId="8c84fa94-04c1-424b-9868-57a2d4851a1d" />
    <TestEntry testId="99653419-466f-f3e6-a613-55dde86d0477" executionId="822e81fd-15e3-4264-82df-b5806589a16e" testListId="8c84fa94-04c1-424b-9868-57a2d4851a1d" />
    <TestEntry testId="af288f3c-cd6d-7e31-7eda-824061c48951" executionId="b938bd15-c6f0-4c23-bf49-df492a8a3fb5" testListId="8c84fa94-04c1-424b-9868-57a2d4851a1d" />
    <TestEntry testId="dbb4bc71-908a-7730-dabe-34a8d2910d27" executionId="8ccd65ef-3263-4021-b3f9-b1827072182e" testListId="8c84fa94-04c1-424b-9868-57a2d4851a1d" />
    <TestEntry testId="deedf85d-09cd-a826-1e80-e57d27dac4e3" executionId="be7e5bf2-c30b-49b8-8ef9-f5b5f1f2eb8f" testListId="8c84fa94-04c1-424b-9868-57a2d4851a1d" />
    <TestEntry testId="e16d719e-ad90-ed7c-ae95-6986f2666006" executionId="10d3c237-35dd-4552-a5af-1a69f3876d7d" testListId="8c84fa94-04c1-424b-9868-57a2d4851a1d" />
  </TestEntries>
  <Results>
    <UnitTestResult executionId="f3b9db5f-a2ed-4221-abc9-720d50fe7501" testId="13ddc97a-7773-961c-dc7d-d1acaad40ffc" testName="parse_only_go_statements_not_any_word_containing_go" computerName="TOMMY-KELLY" duration="00:00:00" startTime="2009-06-18T11:44:25.4687155-04:00" endTime="2009-06-18T11:44:26.2344728-04:00" testType="13cdc9d9-ddb5-4fa4-a97d-d965ccfc6d4b" outcome="Error" testListId="8c84fa94-04c1-424b-9868-57a2d4851a1d">
      <Output>
        <ErrorInfo>
          <Message>Unable to get type URQuest.Tools.DBMigrator.Test.SqlMigrationTest, SqlMigration.Tests. Error: System.TypeLoadException: Could not load type 'URQuest.Tools.DBMigrator.Test.SqlMigrationTest' from assembly 'SqlMigration.Tests, Version=1.0.0.0, Culture=neutral, PublicKeyToken=null'.
   at System.Reflection.Assembly._GetType(String name, Boolean throwOnError, Boolean ignoreCase)
   at System.Reflection.Assembly.GetType(String name, Boolean throwOnError)
   at Microsoft.VisualStudio.TestTools.TestTypes.Unit.UnitTestExecuter.GetType(UnitTestElement unitTest, String type)
   at Microsoft.VisualStudio.TestTools.TestTypes.Unit.UnitTestExecuter.ResolveMethods().</Message>
        </ErrorInfo>
      </Output>
    </UnitTestResult>
    <UnitTestResult executionId="70374b23-63b3-4de7-a2a3-62ccf22a4da0" testId="14b0868e-2756-9eae-12e4-997a60f827b4" testName="run_task_wihtout_running_inside_transaction" computerName="TOMMY-KELLY" duration="00:00:00" startTime="2009-06-18T11:44:26.2344728-04:00" endTime="2009-06-18T11:44:26.2344728-04:00" testType="13cdc9d9-ddb5-4fa4-a97d-d965ccfc6d4b" outcome="Error" testListId="8c84fa94-04c1-424b-9868-57a2d4851a1d">
      <Output>
        <ErrorInfo>
          <Message>Unable to get type URQuest.Tools.DBMigrator.Test.RunSQLTaskTest, SqlMigration.Tests. Error: System.TypeLoadException: Could not load type 'URQuest.Tools.DBMigrator.Test.RunSQLTaskTest' from assembly 'SqlMigration.Tests, Version=1.0.0.0, Culture=neutral, PublicKeyToken=null'.
   at System.Reflection.Assembly._GetType(String name, Boolean throwOnError, Boolean ignoreCase)
   at System.Reflection.Assembly.GetType(String name, Boolean throwOnError)
   at Microsoft.VisualStudio.TestTools.TestTypes.Unit.UnitTestExecuter.GetType(UnitTestElement unitTest, String type)
   at Microsoft.VisualStudio.TestTools.TestTypes.Unit.UnitTestExecuter.ResolveMethods().</Message>
        </ErrorInfo>
      </Output>
    </UnitTestResult>
    <UnitTestResult executionId="68d9ceee-a95d-4074-85d7-c38d3ec45f4e" testId="1fbaca38-5819-92d4-8aeb-bace10c8d2d7" testName="failing_transaction_that_should_leave_NO_rows_in_the_names_table" computerName="TOMMY-KELLY" duration="00:00:00" startTime="2009-06-18T11:44:26.2344728-04:00" endTime="2009-06-18T11:44:26.2344728-04:00" testType="13cdc9d9-ddb5-4fa4-a97d-d965ccfc6d4b" outcome="Error" testListId="8c84fa94-04c1-424b-9868-57a2d4851a1d">
      <Output>
        <ErrorInfo>
          <Message>Unable to get type URQuest.Tools.DBMigrator.Test.integration_test.RunRealMigrationsTest, SqlMigration.Tests. Error: System.TypeLoadException: Could not load type 'URQuest.Tools.DBMigrator.Test.integration_test.RunRealMigrationsTest' from assembly 'SqlMigration.Tests, Version=1.0.0.0, Culture=neutral, PublicKeyToken=null'.
   at System.Reflection.Assembly._GetType(String name, Boolean throwOnError, Boolean ignoreCase)
   at System.Reflection.Assembly.GetType(String name, Boolean throwOnError)
   at Microsoft.VisualStudio.TestTools.TestTypes.Unit.UnitTestExecuter.GetType(UnitTestElement unitTest, String type)
   at Microsoft.VisualStudio.TestTools.TestTypes.Unit.UnitTestExecuter.ResolveMethods().</Message>
        </ErrorInfo>
      </Output>
    </UnitTestResult>
    <UnitTestResult executionId="a6505025-01fa-4f79-bbfb-9bb7b6752065" testId="3229206f-4699-3a03-206c-bec075f5d049" testName="ToStringTest" computerName="TOMMY-KELLY" duration="00:00:00" startTime="2009-06-18T11:44:26.2344728-04:00" endTime="2009-06-18T11:44:26.2501005-04:00" testType="13cdc9d9-ddb5-4fa4-a97d-d965ccfc6d4b" outcome="Error" testListId="8c84fa94-04c1-424b-9868-57a2d4851a1d">
      <Output>
        <ErrorInfo>
          <Message>Unable to get type URQuest.Tools.DBMigrator.Test.MigrationTest, SqlMigration.Tests. Error: System.TypeLoadException: Could not load type 'URQuest.Tools.DBMigrator.Test.MigrationTest' from assembly 'SqlMigration.Tests, Version=1.0.0.0, Culture=neutral, PublicKeyToken=null'.
   at System.Reflection.Assembly._GetType(String name, Boolean throwOnError, Boolean ignoreCase)
   at System.Reflection.Assembly.GetType(String name, Boolean throwOnError)
   at Microsoft.VisualStudio.TestTools.TestTypes.Unit.UnitTestExecuter.GetType(UnitTestElement unitTest, String type)
   at Microsoft.VisualStudio.TestTools.TestTypes.Unit.UnitTestExecuter.ResolveMethods().</Message>
        </ErrorInfo>
      </Output>
    </UnitTestResult>
    <UnitTestResult executionId="5ef78afb-5f7e-4b38-a77c-18afd7759aad" testId="54e38d64-227f-9abb-7f5a-4e38940866d0" testName="GetMigrationsInOrderTest" computerName="TOMMY-KELLY" duration="00:00:00" startTime="2009-06-18T11:44:26.2501005-04:00" endTime="2009-06-18T11:44:26.2501005-04:00" testType="13cdc9d9-ddb5-4fa4-a97d-d965ccfc6d4b" outcome="Error" testListId="8c84fa94-04c1-424b-9868-57a2d4851a1d">
      <Output>
        <ErrorInfo>
          <Message>Unable to get type URQuest.Tools.DBMigrator.Test.FileIOTest, SqlMigration.Tests. Error: System.TypeLoadException: Could not load type 'URQuest.Tools.DBMigrator.Test.FileIOTest' from assembly 'SqlMigration.Tests, Version=1.0.0.0, Culture=neutral, PublicKeyToken=null'.
   at System.Reflection.Assembly._GetType(String name, Boolean throwOnError, Boolean ignoreCase)
   at System.Reflection.Assembly.GetType(String name, Boolean throwOnError)
   at Microsoft.VisualStudio.TestTools.TestTypes.Unit.UnitTestExecuter.GetType(UnitTestElement unitTest, String type)
   at Microsoft.VisualStudio.TestTools.TestTypes.Unit.UnitTestExecuter.ResolveMethods().</Message>
        </ErrorInfo>
      </Output>
    </UnitTestResult>
    <UnitTestResult executionId="5a6a402b-6d56-408a-b95c-4a79750953f9" testId="5c29ac2a-be0d-7356-b72b-a9d16a3cd84d" testName="test_date_parser_with_working_date" computerName="TOMMY-KELLY" duration="00:00:00" startTime="2009-06-18T11:44:26.2501005-04:00" endTime="2009-06-18T11:44:26.2657282-04:00" testType="13cdc9d9-ddb5-4fa4-a97d-d965ccfc6d4b" outcome="Error" testListId="8c84fa94-04c1-424b-9868-57a2d4851a1d">
      <Output>
        <ErrorInfo>
          <Message>Unable to get type URQuest.Tools.DBMigrator.Test.MigrationTest, SqlMigration.Tests. Error: System.TypeLoadException: Could not load type 'URQuest.Tools.DBMigrator.Test.MigrationTest' from assembly 'SqlMigration.Tests, Version=1.0.0.0, Culture=neutral, PublicKeyToken=null'.
   at System.Reflection.Assembly._GetType(String name, Boolean throwOnError, Boolean ignoreCase)
   at System.Reflection.Assembly.GetType(String name, Boolean throwOnError)
   at Microsoft.VisualStudio.TestTools.TestTypes.Unit.UnitTestExecuter.GetType(UnitTestElement unitTest, String type)
   at Microsoft.VisualStudio.TestTools.TestTypes.Unit.UnitTestExecuter.ResolveMethods().</Message>
        </ErrorInfo>
      </Output>
    </UnitTestResult>
    <UnitTestResult executionId="fa1d3d8c-4a3a-4d8f-b29c-32ec22c58a2a" testId="974eae45-8fb0-d893-ae4a-828658a21fd1" testName="make_sure_we_attempt_to_read_the_contents_of_the_sql_file" computerName="TOMMY-KELLY" duration="00:00:00" startTime="2009-06-18T11:44:26.2657282-04:00" endTime="2009-06-18T11:44:26.2657282-04:00" testType="13cdc9d9-ddb5-4fa4-a97d-d965ccfc6d4b" outcome="Error" testListId="8c84fa94-04c1-424b-9868-57a2d4851a1d">
      <Output>
        <ErrorInfo>
          <Message>Unable to get type URQuest.Tools.DBMigrator.Test.SqlMigrationTest, SqlMigration.Tests. Error: System.TypeLoadException: Could not load type 'URQuest.Tools.DBMigrator.Test.SqlMigrationTest' from assembly 'SqlMigration.Tests, Version=1.0.0.0, Culture=neutral, PublicKeyToken=null'.
   at System.Reflection.Assembly._GetType(String name, Boolean throwOnError, Boolean ignoreCase)
   at System.Reflection.Assembly.GetType(String name, Boolean throwOnError)
   at Microsoft.VisualStudio.TestTools.TestTypes.Unit.UnitTestExecuter.GetType(UnitTestElement unitTest, String type)
   at Microsoft.VisualStudio.TestTools.TestTypes.Unit.UnitTestExecuter.ResolveMethods().</Message>
        </ErrorInfo>
      </Output>
    </UnitTestResult>
    <UnitTestResult executionId="822e81fd-15e3-4264-82df-b5806589a16e" testId="99653419-466f-f3e6-a613-55dde86d0477" testName="mock_two_migrations_NOT_running_under_a_transaction" computerName="TOMMY-KELLY" duration="00:00:00" startTime="2009-06-18T11:44:26.2657282-04:00" endTime="2009-06-18T11:44:26.2657282-04:00" testType="13cdc9d9-ddb5-4fa4-a97d-d965ccfc6d4b" outcome="Error" testListId="8c84fa94-04c1-424b-9868-57a2d4851a1d">
      <Output>
        <ErrorInfo>
          <Message>Unable to get type URQuest.Tools.DBMigrator.Test.SqlRunnerTest, SqlMigration.Tests. Error: System.TypeLoadException: Could not load type 'URQuest.Tools.DBMigrator.Test.SqlRunnerTest' from assembly 'SqlMigration.Tests, Version=1.0.0.0, Culture=neutral, PublicKeyToken=null'.
   at System.Reflection.Assembly._GetType(String name, Boolean throwOnError, Boolean ignoreCase)
   at System.Reflection.Assembly.GetType(String name, Boolean throwOnError)
   at Microsoft.VisualStudio.TestTools.TestTypes.Unit.UnitTestExecuter.GetType(UnitTestElement unitTest, String type)
   at Microsoft.VisualStudio.TestTools.TestTypes.Unit.UnitTestExecuter.ResolveMethods().</Message>
        </ErrorInfo>
      </Output>
    </UnitTestResult>
    <UnitTestResult executionId="b938bd15-c6f0-4c23-bf49-df492a8a3fb5" testId="af288f3c-cd6d-7e31-7eda-824061c48951" testName="mock_files_and_make_sure_they_come_back_in_order" computerName="TOMMY-KELLY" duration="00:00:00" startTime="2009-06-18T11:44:26.2657282-04:00" endTime="2009-06-18T11:44:26.2813559-04:00" testType="13cdc9d9-ddb5-4fa4-a97d-d965ccfc6d4b" outcome="Error" testListId="8c84fa94-04c1-424b-9868-57a2d4851a1d">
      <Output>
        <ErrorInfo>
          <Message>Unable to get type URQuest.Tools.DBMigrator.Test.FileIOTest, SqlMigration.Tests. Error: System.TypeLoadException: Could not load type 'URQuest.Tools.DBMigrator.Test.FileIOTest' from assembly 'SqlMigration.Tests, Version=1.0.0.0, Culture=neutral, PublicKeyToken=null'.
   at System.Reflection.Assembly._GetType(String name, Boolean throwOnError, Boolean ignoreCase)
   at System.Reflection.Assembly.GetType(String name, Boolean throwOnError)
   at Microsoft.VisualStudio.TestTools.TestTypes.Unit.UnitTestExecuter.GetType(UnitTestElement unitTest, String type)
   at Microsoft.VisualStudio.TestTools.TestTypes.Unit.UnitTestExecuter.ResolveMethods().</Message>
        </ErrorInfo>
      </Output>
    </UnitTestResult>
    <UnitTestResult executionId="8ccd65ef-3263-4021-b3f9-b1827072182e" testId="dbb4bc71-908a-7730-dabe-34a8d2910d27" testName="run_real_migrations_that_pass_and_create_a_database_and_one_table_named_names" computerName="TOMMY-KELLY" duration="00:00:00" startTime="2009-06-18T11:44:26.2813559-04:00" endTime="2009-06-18T11:44:26.2813559-04:00" testType="13cdc9d9-ddb5-4fa4-a97d-d965ccfc6d4b" outcome="Error" testListId="8c84fa94-04c1-424b-9868-57a2d4851a1d">
      <Output>
        <ErrorInfo>
          <Message>Unable to get type URQuest.Tools.DBMigrator.Test.integration_test.RunRealMigrationsTest, SqlMigration.Tests. Error: System.TypeLoadException: Could not load type 'URQuest.Tools.DBMigrator.Test.integration_test.RunRealMigrationsTest' from assembly 'SqlMigration.Tests, Version=1.0.0.0, Culture=neutral, PublicKeyToken=null'.
   at System.Reflection.Assembly._GetType(String name, Boolean throwOnError, Boolean ignoreCase)
   at System.Reflection.Assembly.GetType(String name, Boolean throwOnError)
   at Microsoft.VisualStudio.TestTools.TestTypes.Unit.UnitTestExecuter.GetType(UnitTestElement unitTest, String type)
   at Microsoft.VisualStudio.TestTools.TestTypes.Unit.UnitTestExecuter.ResolveMethods().</Message>
        </ErrorInfo>
      </Output>
    </UnitTestResult>
    <UnitTestResult executionId="be7e5bf2-c30b-49b8-8ef9-f5b5f1f2eb8f" testId="deedf85d-09cd-a826-1e80-e57d27dac4e3" testName="passing_transaction_that_should_leave_3_rows_in_the_names_table" computerName="TOMMY-KELLY" duration="00:00:00" startTime="2009-06-18T11:44:26.2813559-04:00" endTime="2009-06-18T11:44:26.2813559-04:00" testType="13cdc9d9-ddb5-4fa4-a97d-d965ccfc6d4b" outcome="Error" testListId="8c84fa94-04c1-424b-9868-57a2d4851a1d">
      <Output>
        <ErrorInfo>
          <Message>Unable to get type URQuest.Tools.DBMigrator.Test.integration_test.RunRealMigrationsTest, SqlMigration.Tests. Error: System.TypeLoadException: Could not load type 'URQuest.Tools.DBMigrator.Test.integration_test.RunRealMigrationsTest' from assembly 'SqlMigration.Tests, Version=1.0.0.0, Culture=neutral, PublicKeyToken=null'.
   at System.Reflection.Assembly._GetType(String name, Boolean throwOnError, Boolean ignoreCase)
   at System.Reflection.Assembly.GetType(String name, Boolean throwOnError)
   at Microsoft.VisualStudio.TestTools.TestTypes.Unit.UnitTestExecuter.GetType(UnitTestElement unitTest, String type)
   at Microsoft.VisualStudio.TestTools.TestTypes.Unit.UnitTestExecuter.ResolveMethods().</Message>
        </ErrorInfo>
      </Output>
    </UnitTestResult>
    <UnitTestResult executionId="10d3c237-35dd-4552-a5af-1a69f3876d7d" testId="e16d719e-ad90-ed7c-ae95-6986f2666006" testName="mock_running_two_fake_sql_file_with_no_errors" computerName="TOMMY-KELLY" duration="00:00:00" startTime="2009-06-18T11:44:26.2813559-04:00" endTime="2009-06-18T11:44:26.2969836-04:00" testType="13cdc9d9-ddb5-4fa4-a97d-d965ccfc6d4b" outcome="Error" testListId="8c84fa94-04c1-424b-9868-57a2d4851a1d">
      <Output>
        <ErrorInfo>
          <Message>Unable to get type URQuest.Tools.DBMigrator.Test.SqlRunnerTest, SqlMigration.Tests. Error: System.TypeLoadException: Could not load type 'URQuest.Tools.DBMigrator.Test.SqlRunnerTest' from assembly 'SqlMigration.Tests, Version=1.0.0.0, Culture=neutral, PublicKeyToken=null'.
   at System.Reflection.Assembly._GetType(String name, Boolean throwOnError, Boolean ignoreCase)
   at System.Reflection.Assembly.GetType(String name, Boolean throwOnError)
   at Microsoft.VisualStudio.TestTools.TestTypes.Unit.UnitTestExecuter.GetType(UnitTestElement unitTest, String type)
   at Microsoft.VisualStudio.TestTools.TestTypes.Unit.UnitTestExecuter.ResolveMethods().</Message>
        </ErrorInfo>
      </Output>
    </UnitTestResult>
  </Results>
</TestRun>